<?xml version="1.0" encoding="UTF-8"?>
<testsuite name="isel.dei.pdm.mygamevault.domain.GameTests" tests="5" skipped="0" failures="0" errors="0" timestamp="2026-08-25T15:26:50.717Z" hostname="Paulos-MBP-2.lan" time="0.0">
  <properties/>
  <testcase name="cannot create game with empty name" classname="isel.dei.pdm.mygamevault.domain.GameTests" time="0.0"/>
  <testcase name="cannot create game with blank name" classname="isel.dei.pdm.mygamevault.domain.GameTests" time="0.0"/>
  <testcase name="can create game with string cover uri using convenience constructor" classname="isel.dei.pdm.mygamevault.domain.GameTests" time="0.0"/>
  <testcase name="can create game with valid name" classname="isel.dei.pdm.mygamevault.domain.GameTests" time="0.0"/>
  <testcase name="can create game with string thumbnail uri using convenience constructor" classname="isel.dei.pdm.mygamevault.domain.GameTests" time="0.0"/>
  <system-out><![CDATA[]]></system-out>
  <system-err><![CDATA[]]></system-err>
</testsuite>
