<?xml version="1.0" encoding="UTF-8"?>
<testsuite name="isel.dei.pdm.mygamevault.domain.UriTests" tests="8" skipped="0" failures="0" errors="0" timestamp="2026-08-25T15:26:50.721Z" hostname="Paulos-MBP-2.lan" time="0.001">
  <properties/>
  <testcase name="can create uri with file schema" classname="isel.dei.pdm.mygamevault.domain.UriTests" time="0.001"/>
  <testcase name="cannot create uri with blank schema" classname="isel.dei.pdm.mygamevault.domain.UriTests" time="0.0"/>
  <testcase name="cannot create blank uri" classname="isel.dei.pdm.mygamevault.domain.UriTests" time="0.0"/>
  <testcase name="cannot create uri with blank ssp" classname="isel.dei.pdm.mygamevault.domain.UriTests" time="0.0"/>
  <testcase name="cannot create uri without colon" classname="isel.dei.pdm.mygamevault.domain.UriTests" time="0.0"/>
  <testcase name="cannot create empty uri" classname="isel.dei.pdm.mygamevault.domain.UriTests" time="0.0"/>
  <testcase name="can create uri with https schema" classname="isel.dei.pdm.mygamevault.domain.UriTests" time="0.0"/>
  <testcase name="can create uri with simple schema" classname="isel.dei.pdm.mygamevault.domain.UriTests" time="0.0"/>
  <system-out><![CDATA[]]></system-out>
  <system-err><![CDATA[]]></system-err>
</testsuite>
